28-Oct-2022 10:36:04.921 信息 [main] org.apache.catalina.startup.VersionLoggerListener.log Server.服务器版本: Apache Tomcat/9.0.65
28-Oct-2022 10:36:04.925 信息 [main] org.apache.catalina.startup.VersionLoggerListener.log 服务器构建:        Jul 14 2022 12:28:53 UTC
28-Oct-2022 10:36:04.925 信息 [main] org.apache.catalina.startup.VersionLoggerListener.log 服务器版本号:      9.0.65.0
28-Oct-2022 10:36:04.925 信息 [main] org.apache.catalina.startup.VersionLoggerListener.log 操作系统名称:      Linux
28-Oct-2022 10:36:04.925 信息 [main] org.apache.catalina.startup.VersionLoggerListener.log OS.版本:           6.0.2-arch1-1
28-Oct-2022 10:36:04.925 信息 [main] org.apache.catalina.startup.VersionLoggerListener.log 架构:              amd64
28-Oct-2022 10:36:04.925 信息 [main] org.apache.catalina.startup.VersionLoggerListener.log Java 环境变量:     /usr/lib/jvm/java-17-openjdk
28-Oct-2022 10:36:04.925 信息 [main] org.apache.catalina.startup.VersionLoggerListener.log Java虚拟机版本:    17.0.5+1
28-Oct-2022 10:36:04.925 信息 [main] org.apache.catalina.startup.VersionLoggerListener.log JVM.供应商:        Oracle Corporation
28-Oct-2022 10:36:04.926 信息 [main] org.apache.catalina.startup.VersionLoggerListener.log CATALINA_BASE:     /home/meng/文档/Study/javaweb/pub/apache-tomcat-9.0.65-linux
28-Oct-2022 10:36:04.926 信息 [main] org.apache.catalina.startup.VersionLoggerListener.log CATALINA_HOME:     /home/meng/文档/Study/javaweb/pub/apache-tomcat-9.0.65-linux
28-Oct-2022 10:36:04.934 信息 [main] org.apache.catalina.startup.VersionLoggerListener.log 命令行参数：       --add-opens=java.base/java.lang=ALL-UNNAMED
28-Oct-2022 10:36:04.934 信息 [main] org.apache.catalina.startup.VersionLoggerListener.log 命令行参数：       --add-opens=java.base/java.io=ALL-UNNAMED
28-Oct-2022 10:36:04.935 信息 [main] org.apache.catalina.startup.VersionLoggerListener.log 命令行参数：       --add-opens=java.base/java.util=ALL-UNNAMED
28-Oct-2022 10:36:04.935 信息 [main] org.apache.catalina.startup.VersionLoggerListener.log 命令行参数：       --add-opens=java.base/java.util.concurrent=ALL-UNNAMED
28-Oct-2022 10:36:04.935 信息 [main] org.apache.catalina.startup.VersionLoggerListener.log 命令行参数：       --add-opens=java.rmi/sun.rmi.transport=ALL-UNNAMED
28-Oct-2022 10:36:04.935 信息 [main] org.apache.catalina.startup.VersionLoggerListener.log 命令行参数：       -Djava.util.logging.config.file=/home/meng/文档/Study/javaweb/pub/apache-tomcat-9.0.65-linux/conf/logging.properties
28-Oct-2022 10:36:04.935 信息 [main] org.apache.catalina.startup.VersionLoggerListener.log 命令行参数：       -Djava.util.logging.manager=org.apache.juli.ClassLoaderLogManager
28-Oct-2022 10:36:04.935 信息 [main] org.apache.catalina.startup.VersionLoggerListener.log 命令行参数：       -Djdk.tls.ephemeralDHKeySize=2048
28-Oct-2022 10:36:04.935 信息 [main] org.apache.catalina.startup.VersionLoggerListener.log 命令行参数：       -Djava.protocol.handler.pkgs=org.apache.catalina.webresources
28-Oct-2022 10:36:04.935 信息 [main] org.apache.catalina.startup.VersionLoggerListener.log 命令行参数：       -Dorg.apache.catalina.security.SecurityListener.UMASK=0027
28-Oct-2022 10:36:04.935 信息 [main] org.apache.catalina.startup.VersionLoggerListener.log 命令行参数：       -Dignore.endorsed.dirs=
28-Oct-2022 10:36:04.935 信息 [main] org.apache.catalina.startup.VersionLoggerListener.log 命令行参数：       -Dcatalina.base=/home/meng/文档/Study/javaweb/pub/apache-tomcat-9.0.65-linux
28-Oct-2022 10:36:04.935 信息 [main] org.apache.catalina.startup.VersionLoggerListener.log 命令行参数：       -Dcatalina.home=/home/meng/文档/Study/javaweb/pub/apache-tomcat-9.0.65-linux
28-Oct-2022 10:36:04.935 信息 [main] org.apache.catalina.startup.VersionLoggerListener.log 命令行参数：       -Djava.io.tmpdir=/home/meng/文档/Study/javaweb/pub/apache-tomcat-9.0.65-linux/temp
28-Oct-2022 10:36:04.936 信息 [main] org.apache.catalina.core.AprLifecycleListener.lifecycleEvent 在java.library.path:[/usr/java/packages/lib:/usr/lib64:/lib64:/lib:/usr/lib]上找不到基于APR的Apache Tomcat本机库，该库允许在生产环境中获得最佳性能
28-Oct-2022 10:36:05.129 信息 [main] org.apache.coyote.AbstractProtocol.init 初始化协议处理器 ["http-nio-8080"]
28-Oct-2022 10:36:05.146 信息 [main] org.apache.catalina.startup.Catalina.load 服务器在[353]毫秒内初始化
28-Oct-2022 10:36:05.170 信息 [main] org.apache.catalina.core.StandardService.startInternal 正在启动服务[Catalina]
28-Oct-2022 10:36:05.170 信息 [main] org.apache.catalina.core.StandardEngine.startInternal 正在启动 Servlet 引擎：[Apache Tomcat/9.0.65]
28-Oct-2022 10:36:05.179 信息 [main] org.apache.catalina.startup.HostConfig.deployWAR 正在部署web应用程序存档文件[/home/meng/文档/Study/javaweb/pub/apache-tomcat-9.0.65-linux/webapps/day23-1.0-SNAPSHOT.war]
28-Oct-2022 10:36:05.424 信息 [main] org.apache.catalina.startup.HostConfig.deployWAR web应用程序存档文件[/home/meng/文档/Study/javaweb/pub/apache-tomcat-9.0.65-linux/webapps/day23-1.0-SNAPSHOT.war]的部署已在[243]ms内完成
28-Oct-2022 10:36:05.425 信息 [main] org.apache.catalina.startup.HostConfig.deployDirectory 把web 应用程序部署到目录 [/home/meng/文档/Study/javaweb/pub/apache-tomcat-9.0.65-linux/webapps/host-manager]
28-Oct-2022 10:36:05.447 信息 [main] org.apache.catalina.startup.HostConfig.deployDirectory Web应用程序目录[/home/meng/文档/Study/javaweb/pub/apache-tomcat-9.0.65-linux/webapps/host-manager]的部署已在[22]毫秒内完成
28-Oct-2022 10:36:05.448 信息 [main] org.apache.catalina.startup.HostConfig.deployDirectory 把web 应用程序部署到目录 [/home/meng/文档/Study/javaweb/pub/apache-tomcat-9.0.65-linux/webapps/docs]
28-Oct-2022 10:36:05.460 信息 [main] org.apache.catalina.startup.HostConfig.deployDirectory Web应用程序目录[/home/meng/文档/Study/javaweb/pub/apache-tomcat-9.0.65-linux/webapps/docs]的部署已在[12]毫秒内完成
28-Oct-2022 10:36:05.460 信息 [main] org.apache.catalina.startup.HostConfig.deployDirectory 把web 应用程序部署到目录 [/home/meng/文档/Study/javaweb/pub/apache-tomcat-9.0.65-linux/webapps/ROOT]
28-Oct-2022 10:36:05.472 信息 [main] org.apache.catalina.startup.HostConfig.deployDirectory Web应用程序目录[/home/meng/文档/Study/javaweb/pub/apache-tomcat-9.0.65-linux/webapps/ROOT]的部署已在[12]毫秒内完成
28-Oct-2022 10:36:05.472 信息 [main] org.apache.catalina.startup.HostConfig.deployDirectory 把web 应用程序部署到目录 [/home/meng/文档/Study/javaweb/pub/apache-tomcat-9.0.65-linux/webapps/manager]
28-Oct-2022 10:36:05.487 信息 [main] org.apache.catalina.startup.HostConfig.deployDirectory Web应用程序目录[/home/meng/文档/Study/javaweb/pub/apache-tomcat-9.0.65-linux/webapps/manager]的部署已在[14]毫秒内完成
28-Oct-2022 10:36:05.487 信息 [main] org.apache.catalina.startup.HostConfig.deployDirectory 把web 应用程序部署到目录 [/home/meng/文档/Study/javaweb/pub/apache-tomcat-9.0.65-linux/webapps/examples]
28-Oct-2022 10:36:05.600 信息 [main] org.apache.catalina.startup.HostConfig.deployDirectory Web应用程序目录[/home/meng/文档/Study/javaweb/pub/apache-tomcat-9.0.65-linux/webapps/examples]的部署已在[113]毫秒内完成
28-Oct-2022 10:36:05.602 信息 [main] org.apache.coyote.AbstractProtocol.start 开始协议处理句柄["http-nio-8080"]
28-Oct-2022 10:36:05.610 信息 [main] org.apache.catalina.startup.Catalina.start [464]毫秒后服务器启动
28-Oct-2022 10:38:01.898 信息 [main] org.apache.catalina.core.StandardServer.await 通过关闭端口接收到有效的关闭命令。正在停止服务器实例。
28-Oct-2022 10:38:01.899 信息 [main] org.apache.coyote.AbstractProtocol.pause 暂停ProtocolHandler["http-nio-8080"]
28-Oct-2022 10:38:01.901 信息 [main] org.apache.catalina.core.StandardService.stopInternal 正在停止服务[Catalina]
28-Oct-2022 10:38:01.927 信息 [main] org.apache.coyote.AbstractProtocol.stop 正在停止ProtocolHandler ["http-nio-8080"]
28-Oct-2022 10:38:01.935 信息 [main] org.apache.coyote.AbstractProtocol.destroy 正在摧毁协议处理器 ["http-nio-8080"]
