30-Sep-2022 10:07:57.442 信息 [main] org.apache.catalina.startup.VersionLoggerListener.log Server.服务器版本: Apache Tomcat/9.0.65
30-Sep-2022 10:07:57.446 信息 [main] org.apache.catalina.startup.VersionLoggerListener.log 服务器构建:        Jul 14 2022 12:28:53 UTC
30-Sep-2022 10:07:57.448 信息 [main] org.apache.catalina.startup.VersionLoggerListener.log 服务器版本号:      9.0.65.0
30-Sep-2022 10:07:57.448 信息 [main] org.apache.catalina.startup.VersionLoggerListener.log 操作系统名称:      Windows 10
30-Sep-2022 10:07:57.449 信息 [main] org.apache.catalina.startup.VersionLoggerListener.log OS.版本:           10.0
30-Sep-2022 10:07:57.449 信息 [main] org.apache.catalina.startup.VersionLoggerListener.log 架构:              amd64
30-Sep-2022 10:07:57.449 信息 [main] org.apache.catalina.startup.VersionLoggerListener.log Java 环境变量:     C:\Program Files\Java\jdk-17.0.3.1
30-Sep-2022 10:07:57.449 信息 [main] org.apache.catalina.startup.VersionLoggerListener.log Java虚拟机版本:    17.0.3.1+2-LTS-6
30-Sep-2022 10:07:57.449 信息 [main] org.apache.catalina.startup.VersionLoggerListener.log JVM.供应商:        Oracle Corporation
30-Sep-2022 10:07:57.450 信息 [main] org.apache.catalina.startup.VersionLoggerListener.log CATALINA_BASE:     C:\Users\32262\Documents\Study\javaweb\pub\apache-tomcat-9.0.65
30-Sep-2022 10:07:57.450 信息 [main] org.apache.catalina.startup.VersionLoggerListener.log CATALINA_HOME:     C:\Users\32262\Documents\Study\javaweb\pub\apache-tomcat-9.0.65
30-Sep-2022 10:07:57.457 信息 [main] org.apache.catalina.startup.VersionLoggerListener.log 命令行参数：       --add-opens=java.base/java.lang=ALL-UNNAMED
30-Sep-2022 10:07:57.457 信息 [main] org.apache.catalina.startup.VersionLoggerListener.log 命令行参数：       --add-opens=java.base/java.io=ALL-UNNAMED
30-Sep-2022 10:07:57.458 信息 [main] org.apache.catalina.startup.VersionLoggerListener.log 命令行参数：       --add-opens=java.base/java.util=ALL-UNNAMED
30-Sep-2022 10:07:57.458 信息 [main] org.apache.catalina.startup.VersionLoggerListener.log 命令行参数：       --add-opens=java.base/java.util.concurrent=ALL-UNNAMED
30-Sep-2022 10:07:57.458 信息 [main] org.apache.catalina.startup.VersionLoggerListener.log 命令行参数：       --add-opens=java.rmi/sun.rmi.transport=ALL-UNNAMED
30-Sep-2022 10:07:57.459 信息 [main] org.apache.catalina.startup.VersionLoggerListener.log 命令行参数：       -Djava.util.logging.config.file=C:\Users\32262\Documents\Study\javaweb\pub\apache-tomcat-9.0.65\conf\logging.properties
30-Sep-2022 10:07:57.459 信息 [main] org.apache.catalina.startup.VersionLoggerListener.log 命令行参数：       -Djava.util.logging.manager=org.apache.juli.ClassLoaderLogManager
30-Sep-2022 10:07:57.460 信息 [main] org.apache.catalina.startup.VersionLoggerListener.log 命令行参数：       -Djdk.tls.ephemeralDHKeySize=2048
30-Sep-2022 10:07:57.460 信息 [main] org.apache.catalina.startup.VersionLoggerListener.log 命令行参数：       -Djava.protocol.handler.pkgs=org.apache.catalina.webresources
30-Sep-2022 10:07:57.461 信息 [main] org.apache.catalina.startup.VersionLoggerListener.log 命令行参数：       -Dignore.endorsed.dirs=
30-Sep-2022 10:07:57.461 信息 [main] org.apache.catalina.startup.VersionLoggerListener.log 命令行参数：       -Dcatalina.base=C:\Users\32262\Documents\Study\javaweb\pub\apache-tomcat-9.0.65
30-Sep-2022 10:07:57.461 信息 [main] org.apache.catalina.startup.VersionLoggerListener.log 命令行参数：       -Dcatalina.home=C:\Users\32262\Documents\Study\javaweb\pub\apache-tomcat-9.0.65
30-Sep-2022 10:07:57.462 信息 [main] org.apache.catalina.startup.VersionLoggerListener.log 命令行参数：       -Djava.io.tmpdir=C:\Users\32262\Documents\Study\javaweb\pub\apache-tomcat-9.0.65\temp
30-Sep-2022 10:07:57.481 信息 [main] org.apache.catalina.core.AprLifecycleListener.lifecycleEvent 在java.library.path:[C:\Program Files\Java\jdk-17.0.3.1\bin;C:\Windows\Sun\Java\bin;C:\Windows\system32;C:\Windows;C:\Program Files\Microsoft MPI\Bin\;C:\Program Files\Java\jdk-17.0.3.1\bin;C:\Program Files\Common Files\Oracle\Java\javapath;C:\Windows\system32;C:\Windows;C:\Windows\System32\Wbem;C:\Windows\System32\WindowsPowerShell\v1.0\;C:\Windows\System32\OpenSSH\;C:\Program Files\Git\cmd;C:\Program Files\dotnet\;C:\Program Files\nodejs\;C:\Program Files (x86)\WinMerge;C:\Program Files\Bandizip\;C:\Program Files\ffmpeg\bin;C:\Program Files\Cloudflare\Cloudflare WARP\;C:\Program Files\WireGuard\;C:\Program Files (x86)\Microsoft SQL Server\150\DTS\Binn\;C:\Program Files\Microsoft SQL Server\150\DTS\Binn\;C:\Program Files\Microsoft SQL Server\Client SDK\ODBC\170\Tools\Binn\;C:\Program Files (x86)\Microsoft SQL Server\150\Tools\Binn\;C:\Program Files\Microsoft SQL Server\150\Tools\Binn\;C:\Program Files\Azure Data Studio\bin;C:\Program Files\MySQL\MySQL Shell 8.0\bin\;C:\Users\32262\AppData\Local\Programs\Python\Python310\Scripts\;C:\Users\32262\AppData\Local\Programs\Python\Python310\;C:\Users\32262\scoop\shims;C:\Users\32262\AppData\Local\Microsoft\WindowsApps;C:\Program Files\JetBrains\IntelliJ IDEA 2022.1.3\bin;C:\Users\32262\AppData\Local\Programs\oh-my-posh\bin;C:\Users\32262\AppData\Roaming\npm;C:\Users\32262\AppData\Local\GitHubDesktop\bin;C:\Users\32262\.dotnet\tools;C:\Users\32262\AppData\Local\Programs\Microsoft VS Code\bin;C:\Program Files\JetBrains\CLion 2022.1.3\bin;;C:\Users\32262\AppData\Local\JetBrains\JetBrains Rider 2022.1.2\bin;;C:\Program Files (x86)\Nmap;C:\Program Files\Azure Data Studio\bin;C:\Program Files\JetBrains\PyCharm Community Edition 2022.2.1\bin;;.]上找不到基于APR的Apache Tomcat本机库，该库允许在生产环境中获得最佳性能
30-Sep-2022 10:07:57.748 信息 [main] org.apache.coyote.AbstractProtocol.init 初始化协议处理器 ["http-nio-8080"]
30-Sep-2022 10:07:57.775 信息 [main] org.apache.catalina.startup.Catalina.load 服务器在[546]毫秒内初始化
30-Sep-2022 10:07:57.826 信息 [main] org.apache.catalina.core.StandardService.startInternal 正在启动服务[Catalina]
30-Sep-2022 10:07:57.826 信息 [main] org.apache.catalina.core.StandardEngine.startInternal 正在启动 Servlet 引擎：[Apache Tomcat/9.0.65]
30-Sep-2022 10:07:57.848 信息 [main] org.apache.catalina.startup.HostConfig.deployWAR 正在部署web应用程序存档文件[C:\Users\32262\Documents\Study\javaweb\pub\apache-tomcat-9.0.65\webapps\day23-1.0-SNAPSHOT.war]
30-Sep-2022 10:07:57.872 信息 [main] org.apache.catalina.startup.ExpandWar.expand 发现一个展开的目录[C:\Users\32262\Documents\Study\javaweb\pub\apache-tomcat-9.0.65\webapps\day23-1.0-SNAPSHOT],它的最后修改时间与关联的WAR不一致.它将被删除.
30-Sep-2022 10:07:58.374 信息 [main] org.apache.catalina.startup.HostConfig.deployWAR web应用程序存档文件[C:\Users\32262\Documents\Study\javaweb\pub\apache-tomcat-9.0.65\webapps\day23-1.0-SNAPSHOT.war]的部署已在[524]ms内完成
30-Sep-2022 10:07:58.376 信息 [main] org.apache.catalina.startup.HostConfig.deployDirectory 把web 应用程序部署到目录 [C:\Users\32262\Documents\Study\javaweb\pub\apache-tomcat-9.0.65\webapps\docs]
30-Sep-2022 10:07:58.418 信息 [main] org.apache.catalina.startup.HostConfig.deployDirectory Web应用程序目录[C:\Users\32262\Documents\Study\javaweb\pub\apache-tomcat-9.0.65\webapps\docs]的部署已在[42]毫秒内完成
30-Sep-2022 10:07:58.418 信息 [main] org.apache.catalina.startup.HostConfig.deployDirectory 把web 应用程序部署到目录 [C:\Users\32262\Documents\Study\javaweb\pub\apache-tomcat-9.0.65\webapps\examples]
30-Sep-2022 10:07:58.889 信息 [main] org.apache.catalina.startup.HostConfig.deployDirectory Web应用程序目录[C:\Users\32262\Documents\Study\javaweb\pub\apache-tomcat-9.0.65\webapps\examples]的部署已在[470]毫秒内完成
30-Sep-2022 10:07:58.889 信息 [main] org.apache.catalina.startup.HostConfig.deployDirectory 把web 应用程序部署到目录 [C:\Users\32262\Documents\Study\javaweb\pub\apache-tomcat-9.0.65\webapps\host-manager]
30-Sep-2022 10:07:58.935 信息 [main] org.apache.catalina.startup.HostConfig.deployDirectory Web应用程序目录[C:\Users\32262\Documents\Study\javaweb\pub\apache-tomcat-9.0.65\webapps\host-manager]的部署已在[46]毫秒内完成
30-Sep-2022 10:07:58.936 信息 [main] org.apache.catalina.startup.HostConfig.deployDirectory 把web 应用程序部署到目录 [C:\Users\32262\Documents\Study\javaweb\pub\apache-tomcat-9.0.65\webapps\manager]
30-Sep-2022 10:07:58.979 信息 [main] org.apache.catalina.startup.HostConfig.deployDirectory Web应用程序目录[C:\Users\32262\Documents\Study\javaweb\pub\apache-tomcat-9.0.65\webapps\manager]的部署已在[43]毫秒内完成
30-Sep-2022 10:07:58.980 信息 [main] org.apache.catalina.startup.HostConfig.deployDirectory 把web 应用程序部署到目录 [C:\Users\32262\Documents\Study\javaweb\pub\apache-tomcat-9.0.65\webapps\ROOT]
30-Sep-2022 10:07:59.006 信息 [main] org.apache.catalina.startup.HostConfig.deployDirectory Web应用程序目录[C:\Users\32262\Documents\Study\javaweb\pub\apache-tomcat-9.0.65\webapps\ROOT]的部署已在[26]毫秒内完成
30-Sep-2022 10:07:59.009 信息 [main] org.apache.coyote.AbstractProtocol.start 开始协议处理句柄["http-nio-8080"]
30-Sep-2022 10:07:59.063 信息 [main] org.apache.catalina.startup.Catalina.start [1287]毫秒后服务器启动
30-Sep-2022 10:08:08.152 信息 [http-nio-8080-exec-1] org.apache.tomcat.util.http.parser.Cookie.logInvalidHeader 收到包含无效cookie的cookie头[Hm_lvt_3692b7a3200e5d898b1c9e03746abc99=1661230351,1662221797,1663648393]。将忽略该cookie。
 注意：此错误的进一步出现将记录在调试级别。
