09-Sep-2022 15:19:54.770 信息 [main] org.apache.catalina.startup.VersionLoggerListener.log Server.服务器版本: Apache Tomcat/9.0.65
09-Sep-2022 15:19:54.774 信息 [main] org.apache.catalina.startup.VersionLoggerListener.log 服务器构建:        Jul 14 2022 12:28:53 UTC
09-Sep-2022 15:19:54.774 信息 [main] org.apache.catalina.startup.VersionLoggerListener.log 服务器版本号:      9.0.65.0
09-Sep-2022 15:19:54.774 信息 [main] org.apache.catalina.startup.VersionLoggerListener.log 操作系统名称:      Linux
09-Sep-2022 15:19:54.774 信息 [main] org.apache.catalina.startup.VersionLoggerListener.log OS.版本:           5.19.7-arch1-1
09-Sep-2022 15:19:54.774 信息 [main] org.apache.catalina.startup.VersionLoggerListener.log 架构:              amd64
09-Sep-2022 15:19:54.774 信息 [main] org.apache.catalina.startup.VersionLoggerListener.log Java 环境变量:     /usr/lib/jvm/java-17-openjdk
09-Sep-2022 15:19:54.775 信息 [main] org.apache.catalina.startup.VersionLoggerListener.log Java虚拟机版本:    17.0.4.1+1
09-Sep-2022 15:19:54.775 信息 [main] org.apache.catalina.startup.VersionLoggerListener.log JVM.供应商:        Oracle Corporation
09-Sep-2022 15:19:54.775 信息 [main] org.apache.catalina.startup.VersionLoggerListener.log CATALINA_BASE:     /home/meng/文档/JavaWeb/apache-tomcat-9.0.65
09-Sep-2022 15:19:54.775 信息 [main] org.apache.catalina.startup.VersionLoggerListener.log CATALINA_HOME:     /home/meng/文档/JavaWeb/apache-tomcat-9.0.65
09-Sep-2022 15:19:54.786 信息 [main] org.apache.catalina.startup.VersionLoggerListener.log 命令行参数：       --add-opens=java.base/java.lang=ALL-UNNAMED
09-Sep-2022 15:19:54.786 信息 [main] org.apache.catalina.startup.VersionLoggerListener.log 命令行参数：       --add-opens=java.base/java.io=ALL-UNNAMED
09-Sep-2022 15:19:54.786 信息 [main] org.apache.catalina.startup.VersionLoggerListener.log 命令行参数：       --add-opens=java.base/java.util=ALL-UNNAMED
09-Sep-2022 15:19:54.786 信息 [main] org.apache.catalina.startup.VersionLoggerListener.log 命令行参数：       --add-opens=java.base/java.util.concurrent=ALL-UNNAMED
09-Sep-2022 15:19:54.786 信息 [main] org.apache.catalina.startup.VersionLoggerListener.log 命令行参数：       --add-opens=java.rmi/sun.rmi.transport=ALL-UNNAMED
09-Sep-2022 15:19:54.787 信息 [main] org.apache.catalina.startup.VersionLoggerListener.log 命令行参数：       -Djava.util.logging.config.file=/home/meng/文档/JavaWeb/apache-tomcat-9.0.65/conf/logging.properties
09-Sep-2022 15:19:54.787 信息 [main] org.apache.catalina.startup.VersionLoggerListener.log 命令行参数：       -Djava.util.logging.manager=org.apache.juli.ClassLoaderLogManager
09-Sep-2022 15:19:54.787 信息 [main] org.apache.catalina.startup.VersionLoggerListener.log 命令行参数：       -Djdk.tls.ephemeralDHKeySize=2048
09-Sep-2022 15:19:54.787 信息 [main] org.apache.catalina.startup.VersionLoggerListener.log 命令行参数：       -Djava.protocol.handler.pkgs=org.apache.catalina.webresources
09-Sep-2022 15:19:54.787 信息 [main] org.apache.catalina.startup.VersionLoggerListener.log 命令行参数：       -Dorg.apache.catalina.security.SecurityListener.UMASK=0027
09-Sep-2022 15:19:54.787 信息 [main] org.apache.catalina.startup.VersionLoggerListener.log 命令行参数：       -Dignore.endorsed.dirs=
09-Sep-2022 15:19:54.787 信息 [main] org.apache.catalina.startup.VersionLoggerListener.log 命令行参数：       -Dcatalina.base=/home/meng/文档/JavaWeb/apache-tomcat-9.0.65
09-Sep-2022 15:19:54.787 信息 [main] org.apache.catalina.startup.VersionLoggerListener.log 命令行参数：       -Dcatalina.home=/home/meng/文档/JavaWeb/apache-tomcat-9.0.65
09-Sep-2022 15:19:54.787 信息 [main] org.apache.catalina.startup.VersionLoggerListener.log 命令行参数：       -Djava.io.tmpdir=/home/meng/文档/JavaWeb/apache-tomcat-9.0.65/temp
09-Sep-2022 15:19:54.788 信息 [main] org.apache.catalina.core.AprLifecycleListener.lifecycleEvent 在java.library.path:[/usr/java/packages/lib:/usr/lib64:/lib64:/lib:/usr/lib]上找不到基于APR的Apache Tomcat本机库，该库允许在生产环境中获得最佳性能
09-Sep-2022 15:19:54.985 信息 [main] org.apache.coyote.AbstractProtocol.init 初始化协议处理器 ["http-nio-8080"]
09-Sep-2022 15:19:55.003 信息 [main] org.apache.catalina.startup.Catalina.load 服务器在[379]毫秒内初始化
09-Sep-2022 15:19:55.030 信息 [main] org.apache.catalina.core.StandardService.startInternal 正在启动服务[Catalina]
09-Sep-2022 15:19:55.030 信息 [main] org.apache.catalina.core.StandardEngine.startInternal 正在启动 Servlet 引擎：[Apache Tomcat/9.0.65]
09-Sep-2022 15:19:55.035 信息 [main] org.apache.catalina.startup.HostConfig.deployDirectory 把web 应用程序部署到目录 [/home/meng/文档/JavaWeb/apache-tomcat-9.0.65/webapps/host-manager]
09-Sep-2022 15:19:55.219 信息 [main] org.apache.catalina.startup.HostConfig.deployDirectory Web应用程序目录[/home/meng/文档/JavaWeb/apache-tomcat-9.0.65/webapps/host-manager]的部署已在[174]毫秒内完成
09-Sep-2022 15:19:55.219 信息 [main] org.apache.catalina.startup.HostConfig.deployDirectory 把web 应用程序部署到目录 [/home/meng/文档/JavaWeb/apache-tomcat-9.0.65/webapps/docs]
09-Sep-2022 15:19:55.234 信息 [main] org.apache.catalina.startup.HostConfig.deployDirectory Web应用程序目录[/home/meng/文档/JavaWeb/apache-tomcat-9.0.65/webapps/docs]的部署已在[15]毫秒内完成
09-Sep-2022 15:19:55.234 信息 [main] org.apache.catalina.startup.HostConfig.deployDirectory 把web 应用程序部署到目录 [/home/meng/文档/JavaWeb/apache-tomcat-9.0.65/webapps/ROOT]
09-Sep-2022 15:19:55.248 信息 [main] org.apache.catalina.startup.HostConfig.deployDirectory Web应用程序目录[/home/meng/文档/JavaWeb/apache-tomcat-9.0.65/webapps/ROOT]的部署已在[14]毫秒内完成
09-Sep-2022 15:19:55.249 信息 [main] org.apache.catalina.startup.HostConfig.deployDirectory 把web 应用程序部署到目录 [/home/meng/文档/JavaWeb/apache-tomcat-9.0.65/webapps/manager]
09-Sep-2022 15:19:55.264 信息 [main] org.apache.catalina.startup.HostConfig.deployDirectory Web应用程序目录[/home/meng/文档/JavaWeb/apache-tomcat-9.0.65/webapps/manager]的部署已在[15]毫秒内完成
09-Sep-2022 15:19:55.264 信息 [main] org.apache.catalina.startup.HostConfig.deployDirectory 把web 应用程序部署到目录 [/home/meng/文档/JavaWeb/apache-tomcat-9.0.65/webapps/examples]
09-Sep-2022 15:19:55.400 信息 [main] org.apache.catalina.startup.HostConfig.deployDirectory Web应用程序目录[/home/meng/文档/JavaWeb/apache-tomcat-9.0.65/webapps/examples]的部署已在[136]毫秒内完成
09-Sep-2022 15:19:55.403 信息 [main] org.apache.coyote.AbstractProtocol.start 开始协议处理句柄["http-nio-8080"]
09-Sep-2022 15:19:55.410 信息 [main] org.apache.catalina.startup.Catalina.start [406]毫秒后服务器启动
09-Sep-2022 15:20:59.392 信息 [main] org.apache.catalina.core.StandardServer.await 通过关闭端口接收到有效的关闭命令。正在停止服务器实例。
09-Sep-2022 15:20:59.393 信息 [main] org.apache.coyote.AbstractProtocol.pause 暂停ProtocolHandler["http-nio-8080"]
09-Sep-2022 15:20:59.394 信息 [main] org.apache.catalina.core.StandardService.stopInternal 正在停止服务[Catalina]
09-Sep-2022 15:20:59.407 信息 [main] org.apache.coyote.AbstractProtocol.stop 正在停止ProtocolHandler ["http-nio-8080"]
09-Sep-2022 15:20:59.417 信息 [main] org.apache.coyote.AbstractProtocol.destroy 正在摧毁协议处理器 ["http-nio-8080"]
